[2024-05-10T19:32:09.192+0000] {manager.py:470} INFO - Processing files using up to 2 processes at a time 
[2024-05-10T19:32:09.193+0000] {manager.py:471} INFO - Process each file at most once every 30 seconds
[2024-05-10T19:32:09.195+0000] {manager.py:472} INFO - Checking for new files in /opt/airflow/dags every 300 seconds
[2024-05-10T19:32:09.196+0000] {manager.py:737} INFO - Searching for files in /opt/airflow/dags
[2024-05-10T19:32:09.200+0000] {manager.py:740} INFO - There are 0 files in /opt/airflow/dags
[2024-05-10T19:39:38.531+0000] {manager.py:470} INFO - Processing files using up to 2 processes at a time 
[2024-05-10T19:39:38.531+0000] {manager.py:471} INFO - Process each file at most once every 30 seconds
[2024-05-10T19:39:38.534+0000] {manager.py:472} INFO - Checking for new files in /opt/airflow/dags every 300 seconds
[2024-05-10T19:39:38.539+0000] {manager.py:737} INFO - Searching for files in /opt/airflow/dags
[2024-05-10T19:39:38.548+0000] {manager.py:740} INFO - There are 1 files in /opt/airflow/dags
[2024-05-10T19:39:38.675+0000] {manager.py:878} INFO - 
================================================================================
DAG File Processing Stats

File Path                          PID  Runtime      # DAGs    # Errors  Last Runtime    Last Run
-------------------------------  -----  ---------  --------  ----------  --------------  ----------
/opt/airflow/dags/reddit_dag.py     29  0.06s             0           0
================================================================================
[2024-05-10T19:40:08.823+0000] {manager.py:878} INFO - 
================================================================================
DAG File Processing Stats

File Path                        PID    Runtime      # DAGs    # Errors  Last Runtime    Last Run
-------------------------------  -----  ---------  --------  ----------  --------------  -------------------
/opt/airflow/dags/reddit_dag.py                           0           0  0.04s           2024-05-10T19:40:04
================================================================================
[2024-05-10T19:40:38.962+0000] {manager.py:878} INFO - 
================================================================================
DAG File Processing Stats

File Path                        PID    Runtime      # DAGs    # Errors  Last Runtime    Last Run
-------------------------------  -----  ---------  --------  ----------  --------------  -------------------
/opt/airflow/dags/reddit_dag.py                           0           1  0.05s           2024-05-10T19:40:34
================================================================================
[2024-05-10T19:41:09.107+0000] {manager.py:878} INFO - 
================================================================================
DAG File Processing Stats

File Path                        PID    Runtime      # DAGs    # Errors  Last Runtime    Last Run
-------------------------------  -----  ---------  --------  ----------  --------------  -------------------
/opt/airflow/dags/reddit_dag.py                           0           1  0.04s           2024-05-10T19:41:05
================================================================================
[2024-05-10T19:41:39.243+0000] {manager.py:878} INFO - 
================================================================================
DAG File Processing Stats

File Path                        PID    Runtime      # DAGs    # Errors  Last Runtime    Last Run
-------------------------------  -----  ---------  --------  ----------  --------------  -------------------
/opt/airflow/dags/reddit_dag.py                           0           1  0.05s           2024-05-10T19:41:35
================================================================================
[2024-05-10T19:42:09.381+0000] {manager.py:878} INFO - 
================================================================================
DAG File Processing Stats

File Path                        PID    Runtime      # DAGs    # Errors  Last Runtime    Last Run
-------------------------------  -----  ---------  --------  ----------  --------------  -------------------
/opt/airflow/dags/reddit_dag.py                           0           1  0.05s           2024-05-10T19:42:05
================================================================================
[2024-05-10T19:42:39.563+0000] {manager.py:878} INFO - 
================================================================================
DAG File Processing Stats

File Path                        PID    Runtime      # DAGs    # Errors  Last Runtime    Last Run
-------------------------------  -----  ---------  --------  ----------  --------------  -------------------
/opt/airflow/dags/reddit_dag.py                           0           0  0.05s           2024-05-10T19:42:35
================================================================================
[2024-05-10T19:43:09.700+0000] {manager.py:878} INFO - 
================================================================================
DAG File Processing Stats

File Path                        PID    Runtime      # DAGs    # Errors  Last Runtime    Last Run
-------------------------------  -----  ---------  --------  ----------  --------------  -------------------
/opt/airflow/dags/reddit_dag.py                           0           0  0.04s           2024-05-10T19:43:05
================================================================================
[2024-05-10T19:43:39.845+0000] {manager.py:878} INFO - 
================================================================================
DAG File Processing Stats

File Path                        PID    Runtime      # DAGs    # Errors  Last Runtime    Last Run
-------------------------------  -----  ---------  --------  ----------  --------------  -------------------
/opt/airflow/dags/reddit_dag.py                           0           1  0.05s           2024-05-10T19:43:20
================================================================================
[2024-05-10T19:44:10.008+0000] {manager.py:878} INFO - 
================================================================================
DAG File Processing Stats

File Path                        PID    Runtime      # DAGs    # Errors  Last Runtime    Last Run
-------------------------------  -----  ---------  --------  ----------  --------------  -------------------
/opt/airflow/dags/reddit_dag.py                           0           1  0.07s           2024-05-10T19:43:50
================================================================================
[2024-05-10T19:44:39.150+0000] {manager.py:737} INFO - Searching for files in /opt/airflow/dags
[2024-05-10T19:44:39.155+0000] {manager.py:740} INFO - There are 1 files in /opt/airflow/dags
[2024-05-10T19:44:40.170+0000] {manager.py:878} INFO - 
================================================================================
DAG File Processing Stats

File Path                        PID    Runtime      # DAGs    # Errors  Last Runtime    Last Run
-------------------------------  -----  ---------  --------  ----------  --------------  -------------------
/opt/airflow/dags/reddit_dag.py                           0           1  0.05s           2024-05-10T19:44:21
================================================================================
[2024-05-10T19:45:10.310+0000] {manager.py:878} INFO - 
================================================================================
DAG File Processing Stats

File Path                        PID    Runtime      # DAGs    # Errors  Last Runtime    Last Run
-------------------------------  -----  ---------  --------  ----------  --------------  -------------------
/opt/airflow/dags/reddit_dag.py                           0           1  0.05s           2024-05-10T19:44:51
================================================================================
[2024-05-10T19:45:40.484+0000] {manager.py:878} INFO - 
================================================================================
DAG File Processing Stats

File Path                        PID    Runtime      # DAGs    # Errors  Last Runtime    Last Run
-------------------------------  -----  ---------  --------  ----------  --------------  -------------------
/opt/airflow/dags/reddit_dag.py                           0           1  0.04s           2024-05-10T19:45:21
================================================================================
[2024-05-10T19:46:10.622+0000] {manager.py:878} INFO - 
================================================================================
DAG File Processing Stats

File Path                        PID    Runtime      # DAGs    # Errors  Last Runtime    Last Run
-------------------------------  -----  ---------  --------  ----------  --------------  -------------------
/opt/airflow/dags/reddit_dag.py                           0           1  0.04s           2024-05-10T19:45:51
================================================================================
[2024-05-10T19:46:40.788+0000] {manager.py:878} INFO - 
================================================================================
DAG File Processing Stats

File Path                        PID    Runtime      # DAGs    # Errors  Last Runtime    Last Run
-------------------------------  -----  ---------  --------  ----------  --------------  -------------------
/opt/airflow/dags/reddit_dag.py                           0           1  0.06s           2024-05-10T19:46:34
================================================================================
[2024-05-10T19:47:10.947+0000] {manager.py:878} INFO - 
================================================================================
DAG File Processing Stats

File Path                        PID    Runtime      # DAGs    # Errors  Last Runtime    Last Run
-------------------------------  -----  ---------  --------  ----------  --------------  -------------------
/opt/airflow/dags/reddit_dag.py                           0           1  0.10s           2024-05-10T19:46:49
================================================================================
